
> landsale-frontend@0.1.0 dev
> next dev -p 3001

 ⚠ Warning: Next.js inferred your workspace root, but it may not be correct.
 We detected multiple lockfiles and selected the directory of /app/package-lock.json as the root directory.
 To silence this warning, set `turbopack.root` in your Next.js config, or consider removing one of the lockfiles if it's not needed.
   See https://nextjs.org/docs/app/api-reference/config/next-config-js/turbopack#root-directory for more information.
 Detected additional lockfiles:
   * /app/sites/landsale.lk/package-lock.json

   ▲ Next.js 16.0.7 (Turbopack)
   - Local:         http://localhost:3001
   - Network:       http://192.168.0.2:3001

 ✓ Starting...
 ⚠ The "middleware" file convention is deprecated. Please use "proxy" instead. Learn more: https://nextjs.org/docs/messages/middleware-to-proxy
 ✓ Ready in 1450ms
 ○ Compiling / ...
Error fetching featured properties: AppwriteException: Project is not accessible in this region. Please make sure you are using the correct endpoint
    at async Home (src/app/page.tsx:20:26)
  18 |     try {
  19 |         const { databases } = await createAdminClient()
> 20 |         const response = await databases.listDocuments(
     |                          ^
  21 |             DATABASE_ID,
  22 |             COLLECTIONS.LISTINGS,
  23 |             [ {
  code: 401,
  type: 'general_access_forbidden',
  response: '{"message":"Project is not accessible in this region. Please make sure you are using the correct endpoint","code":401,"type":"general_access_forbidden","version":"1.8.0"}'
}
 GET / 200 in 15.8s (compile: 13.1s, proxy.ts: 96ms, render: 2.7s)
 POST / 200 in 318ms (compile: 53ms, proxy.ts: 24ms, render: 241ms)
Error fetching featured properties: AppwriteException: Project is not accessible in this region. Please make sure you are using the correct endpoint
    at async Home (src/app/page.tsx:20:26)
  18 |     try {
  19 |         const { databases } = await createAdminClient()
> 20 |         const response = await databases.listDocuments(
     |                          ^
  21 |             DATABASE_ID,
  22 |             COLLECTIONS.LISTINGS,
  23 |             [ {
  code: 401,
  type: 'general_access_forbidden',
  response: '{"message":"Project is not accessible in this region. Please make sure you are using the correct endpoint","code":401,"type":"general_access_forbidden","version":"1.8.0"}'
}
