
> landsalelk@0.1.0 dev
> next dev

   ▲ Next.js 15.4.8
   - Local:        http://localhost:3000
   - Network:      http://192.168.0.2:3000

 ✓ Starting...
Attention: Next.js now collects completely anonymous telemetry regarding usage.
This information is used to shape Next.js' roadmap and prioritize features.
You can learn more, including how to opt-out if you'd not like to participate in this anonymous program, by visiting the following URL:
https://nextjs.org/telemetry

 ✓ Ready in 1645ms
 ○ Compiling /properties/create ...
 ✓ Compiled /properties/create in 9.5s (785 modules)
 GET /properties/create 200 in 11358ms
 GET /properties/create 200 in 141ms
It looks like you're trying to use TypeScript but do not have the required package(s) installed.
Installing dependencies

If you are not trying to use TypeScript, please remove the tsconfig.json file from your package root (and any TypeScript files in your app and pages directories).

 ✓ Compiled in 704ms (314 modules)

Installing devDependencies (npm):
- @types/react
- @types/node


added 4 packages, and audited 457 packages in 3s

151 packages are looking for funding
  run `npm fund` for details

1 high severity vulnerability

To address all issues, run:
  npm audit fix

Run `npm audit` for details.


   We detected TypeScript in your project and created a tsconfig.json file for you.
 ✓ Compiled in 1489ms (753 modules)
 ✓ Compiled in 649ms (314 modules)
 ✓ Compiled in 276ms (753 modules)
 ✓ Compiled in 455ms (314 modules)
 ✓ Compiled in 718ms (314 modules)
 ✓ Compiled in 301ms (753 modules)
 ✓ Compiled in 689ms (753 modules)
 ✓ Compiled in 506ms (314 modules)
 ✓ Compiled in 219ms (753 modules)
 ✓ Compiled in 6.6s (314 modules)
 ✓ Compiled in 4.1s (818 modules)
 ✓ Compiled in 1686ms (832 modules)
 GET /properties/create 200 in 1277ms
